<?xml version="1.0" encoding="UTF-8"?>
<!-- Generated by org.testng.reporters.JUnitReportReporter -->
<testsuite hostname="NuboatAir.local" name="com.thjug.gameoflife.ArrayNGTest" tests="2" failures="0" timestamp="21 Dec 2013 17:43:19 GMT" time="0.014" errors="0">
  <testcase name="testLength" time="0.013" classname="com.thjug.gameoflife.ArrayNGTest"/>
  <testcase name="testStatus" time="0.001" classname="com.thjug.gameoflife.ArrayNGTest"/>
</testsuite> <!-- com.thjug.gameoflife.ArrayNGTest -->
