<?xml version="1.0" encoding="UTF-8"?>
<!-- Generated by org.testng.reporters.JUnitReportReporter -->
<testsuite hostname="NuboatAir.local" name="com.thjug.gameoflife.DashboardNGTest" tests="2" failures="0" timestamp="21 Dec 2013 17:57:41 GMT" time="0.070" errors="0">
  <testcase name="testRandom" time="0.015" classname="com.thjug.gameoflife.DashboardNGTest"/>
  <testcase name="testRun3Times" time="0.055" classname="com.thjug.gameoflife.DashboardNGTest"/>
</testsuite> <!-- com.thjug.gameoflife.DashboardNGTest -->
