<?xml version="1.0" encoding="UTF-8"?>
<!-- Generated by org.testng.reporters.JUnitReportReporter -->
<testsuite hostname="NuboatAir.local" name="com.thjug.gameoflife.CheckNGTest" tests="7" failures="0" timestamp="21 Dec 2013 17:51:00 GMT" time="0.023" errors="0">
  <testcase name="testTopLeftWithoutFriend" time="0.001" classname="com.thjug.gameoflife.CheckNGTest"/>
  <testcase name="testMiddleWithoutFriend" time="0.001" classname="com.thjug.gameoflife.CheckNGTest"/>
  <testcase name="testBottonrightWithoutFriend" time="0.000" classname="com.thjug.gameoflife.CheckNGTest"/>
  <testcase name="testTopRightWithoutFriend" time="0.001" classname="com.thjug.gameoflife.CheckNGTest"/>
  <testcase name="testBottonLeftWithoutFriend" time="0.020" classname="com.thjug.gameoflife.CheckNGTest"/>
  <testcase name="topLeftSpotDeadWithTwoFriends" time="0.000" classname="com.thjug.gameoflife.CheckNGTest"/>
  <testcase name="topRebornWithTwoFriends" time="0.000" classname="com.thjug.gameoflife.CheckNGTest"/>
</testsuite> <!-- com.thjug.gameoflife.CheckNGTest -->
